<?xml version="1.0" encoding="UTF-8"?>
<!-- Generated by org.testng.reporters.JUnitXMLReporter -->
<testsuite ignored="0" hostname="Mypc" failures="1" tests="4" name="HomePageTest" time="81.644" errors="0" timestamp="05 Aug 2020 14:03:25 GMT">
  <testcase classname="com.qa.flipkart.test.HomePageTest" name="InvalidLogin" time="2.616">
    <failure type="java.lang.AssertionError" message="expected [false] but found [true]">
      <![CDATA[java.lang.AssertionError: expected [false] but found [true]
at com.qa.flipkart.test.HomePageTest.InvalidLogin(HomePageTest.java:40)
... Removed 29 stack frames]]>
    </failure>
  </testcase> <!-- InvalidLogin -->
  <testcase classname="com.qa.flipkart.test.HomePageTest" name="validLogin" time="26.967"/>
  <testcase classname="com.qa.flipkart.test.HomePageTest" name="verifyPageTitleTest" time="0.064"/>
  <testcase classname="com.qa.flipkart.test.HomePageTest" name="clickOnRequiredOptionTest" time="31.744"/>
</testsuite> <!-- HomePageTest -->
