<?xml version="1.0" encoding="UTF-8"?>
<!-- Generated by org.testng.reporters.JUnitXMLReporter -->
<testsuite ignored="0" hostname="Mypc" failures="1" tests="15" name="Test" time="86.112" errors="0" timestamp="06 Aug 2020 15:19:51 GMT">
  <testcase classname="com.qa.flipkart.test.TestRunner" name="InvalidLogin" time="0.926">
    <failure type="java.lang.AssertionError" message="expected [false] but found [true]">
      <![CDATA[java.lang.AssertionError: expected [false] but found [true]
at com.qa.flipkart.test.TestRunner.InvalidLogin(TestRunner.java:47)
... Removed 29 stack frames]]>
    </failure>
  </testcase> <!-- InvalidLogin -->
  <testcase classname="com.qa.flipkart.test.TestRunner" name="validLogin" time="4.298"/>
  <testcase classname="com.qa.flipkart.test.TestRunner" name="verifyPageTitleTest" time="0.157"/>
  <testcase classname="com.qa.flipkart.test.TestRunner" name="clickOnRequiredOptionTest" time="6.975"/>
  <testcase classname="com.qa.flipkart.test.TestRunner" name="titleVerificationTest" time="0.123"/>
  <testcase classname="com.qa.flipkart.test.TestRunner" name="firstProductFilter" time="3.556"/>
  <testcase classname="com.qa.flipkart.test.TestRunner" name="selectFirstProduct" time="7.951"/>
  <testcase classname="com.qa.flipkart.test.TestRunner" name="refreshSearchResult" time="1.703"/>
  <testcase classname="com.qa.flipkart.test.TestRunner" name="secondProductFilter" time="5.379"/>
  <testcase classname="com.qa.flipkart.test.TestRunner" name="selectSecondProduct" time="8.507"/>
  <testcase classname="com.qa.flipkart.test.TestRunner" name="getTemporaryResult" time="2.347"/>
  <testcase classname="com.qa.flipkart.test.TestRunner" name="thirdProductFilter" time="8.328"/>
  <testcase classname="com.qa.flipkart.test.TestRunner" name="selectThirdProduct" time="9.284"/>
  <testcase classname="com.qa.flipkart.test.TestRunner" name="getFinalCartDetails" time="2.315"/>
  <testcase classname="com.qa.flipkart.test.TestRunner" name="getFinalResult" time="1.599"/>
</testsuite> <!-- Test -->
