<?xml version="1.0" encoding="UTF-8"?>
<testng-results ignored="0" total="15" passed="14" failed="1" skipped="0">
  <reporter-output>
  </reporter-output>
  <suite started-at="2020-08-06T15:18:25Z" name="Flipkart Automation Test Suite" finished-at="2020-08-06T15:19:51Z" duration-ms="86112">
    <groups>
    </groups>
    <test started-at="2020-08-06T15:18:25Z" name="Test" finished-at="2020-08-06T15:19:51Z" duration-ms="86112">
      <class name="com.qa.flipkart.test.TestRunner">
        <test-method is-config="true" signature="setup()[pri:0, instance:com.qa.flipkart.test.TestRunner@4642b71d]" started-at="2020-08-06T15:18:26Z" name="setup" finished-at="2020-08-06T15:18:43Z" duration-ms="17460" status="PASS">
          <reporter-output>
          </reporter-output>
        </test-method> <!-- setup -->
        <test-method signature="InvalidLogin()[pri:1, instance:com.qa.flipkart.test.TestRunner@4642b71d]" started-at="2020-08-06T15:18:43Z" name="InvalidLogin" finished-at="2020-08-06T15:18:44Z" duration-ms="926" status="FAIL">
          <exception class="java.lang.AssertionError">
            <message>
              <![CDATA[expected [false] but found [true]]]>
            </message>
            <full-stacktrace>
              <![CDATA[java.lang.AssertionError: expected [false] but found [true]
at org.testng.Assert.fail(Assert.java:96)
at org.testng.Assert.failNotEquals(Assert.java:776)
at org.testng.Assert.assertFalse(Assert.java:65)
at org.testng.Assert.assertFalse(Assert.java:75)
at com.qa.flipkart.test.TestRunner.InvalidLogin(TestRunner.java:47)
at java.base/jdk.internal.reflect.NativeMethodAccessorImpl.invoke0(Native Method)
at java.base/jdk.internal.reflect.NativeMethodAccessorImpl.invoke(NativeMethodAccessorImpl.java:62)
at java.base/jdk.internal.reflect.DelegatingMethodAccessorImpl.invoke(DelegatingMethodAccessorImpl.java:43)
at java.base/java.lang.reflect.Method.invoke(Method.java:564)
at org.testng.internal.MethodInvocationHelper.invokeMethod(MethodInvocationHelper.java:124)
at org.testng.internal.Invoker.invokeMethod(Invoker.java:583)
at org.testng.internal.Invoker.invokeTestMethod(Invoker.java:719)
at org.testng.internal.Invoker.invokeTestMethods(Invoker.java:989)
at org.testng.internal.TestMethodWorker.invokeTestMethods(TestMethodWorker.java:125)
at org.testng.internal.TestMethodWorker.run(TestMethodWorker.java:109)
at org.testng.TestRunner.privateRun(TestRunner.java:648)
at org.testng.TestRunner.run(TestRunner.java:505)
at org.testng.SuiteRunner.runTest(SuiteRunner.java:455)
at org.testng.SuiteRunner.runSequentially(SuiteRunner.java:450)
at org.testng.SuiteRunner.privateRun(SuiteRunner.java:415)
at org.testng.SuiteRunner.run(SuiteRunner.java:364)
at org.testng.SuiteRunnerWorker.runSuite(SuiteRunnerWorker.java:52)
at org.testng.SuiteRunnerWorker.run(SuiteRunnerWorker.java:84)
at org.testng.TestNG.runSuitesSequentially(TestNG.java:1208)
at org.testng.TestNG.runSuitesLocally(TestNG.java:1137)
at org.testng.TestNG.runSuites(TestNG.java:1049)
at org.testng.TestNG.run(TestNG.java:1017)
at org.testng.remote.AbstractRemoteTestNG.run(AbstractRemoteTestNG.java:132)
at org.testng.remote.RemoteTestNG.initAndRun(RemoteTestNG.java:230)
at org.testng.remote.RemoteTestNG.main(RemoteTestNG.java:76)
]]>
            </full-stacktrace>
          </exception> <!-- java.lang.AssertionError -->
          <reporter-output>
          </reporter-output>
        </test-method> <!-- InvalidLogin -->
        <test-method signature="validLogin()[pri:2, instance:com.qa.flipkart.test.TestRunner@4642b71d]" started-at="2020-08-06T15:18:47Z" name="validLogin" finished-at="2020-08-06T15:18:51Z" duration-ms="4298" status="PASS">
          <reporter-output>
          </reporter-output>
        </test-method> <!-- validLogin -->
        <test-method signature="verifyPageTitleTest()[pri:3, instance:com.qa.flipkart.test.TestRunner@4642b71d]" started-at="2020-08-06T15:18:51Z" name="verifyPageTitleTest" finished-at="2020-08-06T15:18:52Z" duration-ms="157" status="PASS">
          <reporter-output>
          </reporter-output>
        </test-method> <!-- verifyPageTitleTest -->
        <test-method signature="clickOnRequiredOptionTest()[pri:4, instance:com.qa.flipkart.test.TestRunner@4642b71d]" started-at="2020-08-06T15:18:52Z" name="clickOnRequiredOptionTest" finished-at="2020-08-06T15:18:59Z" duration-ms="6975" status="PASS">
          <reporter-output>
          </reporter-output>
        </test-method> <!-- clickOnRequiredOptionTest -->
        <test-method signature="titleVerificationTest()[pri:5, instance:com.qa.flipkart.test.TestRunner@4642b71d]" started-at="2020-08-06T15:18:59Z" name="titleVerificationTest" finished-at="2020-08-06T15:18:59Z" duration-ms="123" status="PASS">
          <reporter-output>
          </reporter-output>
        </test-method> <!-- titleVerificationTest -->
        <test-method signature="firstProductFilter()[pri:6, instance:com.qa.flipkart.test.TestRunner@4642b71d]" started-at="2020-08-06T15:18:59Z" name="firstProductFilter" finished-at="2020-08-06T15:19:02Z" duration-ms="3556" status="PASS">
          <reporter-output>
          </reporter-output>
        </test-method> <!-- firstProductFilter -->
        <test-method signature="selectFirstProduct()[pri:7, instance:com.qa.flipkart.test.TestRunner@4642b71d]" started-at="2020-08-06T15:19:02Z" name="selectFirstProduct" finished-at="2020-08-06T15:19:10Z" duration-ms="7951" status="PASS">
          <reporter-output>
          </reporter-output>
        </test-method> <!-- selectFirstProduct -->
        <test-method signature="refreshSearchResult()[pri:8, instance:com.qa.flipkart.test.TestRunner@4642b71d]" started-at="2020-08-06T15:19:10Z" name="refreshSearchResult" finished-at="2020-08-06T15:19:12Z" duration-ms="1703" status="PASS">
          <reporter-output>
          </reporter-output>
        </test-method> <!-- refreshSearchResult -->
        <test-method signature="secondProductFilter()[pri:9, instance:com.qa.flipkart.test.TestRunner@4642b71d]" started-at="2020-08-06T15:19:12Z" name="secondProductFilter" finished-at="2020-08-06T15:19:18Z" duration-ms="5379" status="PASS">
          <reporter-output>
          </reporter-output>
        </test-method> <!-- secondProductFilter -->
        <test-method signature="selectSecondProduct()[pri:10, instance:com.qa.flipkart.test.TestRunner@4642b71d]" started-at="2020-08-06T15:19:18Z" name="selectSecondProduct" finished-at="2020-08-06T15:19:26Z" duration-ms="8507" status="PASS">
          <reporter-output>
          </reporter-output>
        </test-method> <!-- selectSecondProduct -->
        <test-method signature="getTemporaryResult()[pri:11, instance:com.qa.flipkart.test.TestRunner@4642b71d]" started-at="2020-08-06T15:19:26Z" name="getTemporaryResult" finished-at="2020-08-06T15:19:28Z" duration-ms="2347" status="PASS">
          <reporter-output>
          </reporter-output>
        </test-method> <!-- getTemporaryResult -->
        <test-method signature="thirdProductFilter()[pri:12, instance:com.qa.flipkart.test.TestRunner@4642b71d]" started-at="2020-08-06T15:19:28Z" name="thirdProductFilter" finished-at="2020-08-06T15:19:37Z" duration-ms="8328" status="PASS">
          <reporter-output>
          </reporter-output>
        </test-method> <!-- thirdProductFilter -->
        <test-method signature="selectThirdProduct()[pri:13, instance:com.qa.flipkart.test.TestRunner@4642b71d]" started-at="2020-08-06T15:19:37Z" name="selectThirdProduct" finished-at="2020-08-06T15:19:46Z" duration-ms="9284" status="PASS">
          <reporter-output>
          </reporter-output>
        </test-method> <!-- selectThirdProduct -->
        <test-method signature="getFinalCartDetails()[pri:14, instance:com.qa.flipkart.test.TestRunner@4642b71d]" started-at="2020-08-06T15:19:46Z" name="getFinalCartDetails" finished-at="2020-08-06T15:19:48Z" duration-ms="2315" status="PASS">
          <reporter-output>
          </reporter-output>
        </test-method> <!-- getFinalCartDetails -->
        <test-method signature="getFinalResult()[pri:15, instance:com.qa.flipkart.test.TestRunner@4642b71d]" started-at="2020-08-06T15:19:48Z" name="getFinalResult" finished-at="2020-08-06T15:19:50Z" duration-ms="1599" status="PASS">
          <reporter-output>
          </reporter-output>
        </test-method> <!-- getFinalResult -->
        <test-method is-config="true" signature="teardown()[pri:0, instance:com.qa.flipkart.test.TestRunner@4642b71d]" started-at="2020-08-06T15:19:50Z" name="teardown" finished-at="2020-08-06T15:19:51Z" duration-ms="1089" status="PASS">
          <reporter-output>
          </reporter-output>
        </test-method> <!-- teardown -->
      </class> <!-- com.qa.flipkart.test.TestRunner -->
    </test> <!-- Test -->
  </suite> <!-- Flipkart Automation Test Suite -->
</testng-results>
